Using pre-set license
Built from '2020.3/staging' branch; Version is '2020.3.8f1 (507919d4fff5) revision 5273881'; Using compiler version '192528614'; Build Type 'Release'
OS: 'Windows 7  (6.1.0) 64bit' Language: 'ru' Physical Memory: 4520 MB
BatchMode: 1, IsHumanControllingUs: 0, StartBugReporterOnCrash: 0, Is64bit: 1, IsPro: 0

 COMMAND LINE ARGUMENTS:
C:\Program Files\Unity\Hub\Editor\2020.3.8f1\Editor\Unity.exe
-adb2
-batchMode
-noUpm
-name
AssetImportWorker0
-projectPath
C:/Users/user/Desktop/Unity project/Wizzard/Wizzard-steampank-adwenture
-logFile
Logs/AssetImportWorker0.log
-srvPort
58284
Successfully changed project path to: C:/Users/user/Desktop/Unity project/Wizzard/Wizzard-steampank-adwenture
C:/Users/user/Desktop/Unity project/Wizzard/Wizzard-steampank-adwenture
Using Asset Import Pipeline V2.
Refreshing native plugins compatible for Editor in 77.63 ms, found 1 plugins.
Preloading 0 native plugins for Editor in 0.00 ms.
Initialize engine version: 2020.3.8f1 (507919d4fff5)
[Subsystems] Discovering subsystems at path C:/Program Files/Unity/Hub/Editor/2020.3.8f1/Editor/Data/Resources/UnitySubsystems
[Subsystems] Discovering subsystems at path C:/Users/user/Desktop/Unity project/Wizzard/Wizzard-steampank-adwenture/Assets
GfxDevice: creating device client; threaded=0
d3d11: CreateDXGIFactory2(...) not found, fallbacking to CreateDXGIFactory1(...).
d3d11: QueryInterface(IDXGIFactory5) failed (80004002).
Direct3D:
    Version:  Direct3D 11.0 [level 11.0]
    Renderer: Intel(R) HD Graphics 4000 (ID=0x166)
    Vendor:   
    VRAM:     2089 MB
    Driver:   8.933.3.4000
Could not load symbol clCreateImage : Не найдена указанная процедура.


Could not load symbol clEnqueueFillBuffer : Не найдена указанная процедура.


Could not load symbol clEnqueueFillImage : Не найдена указанная процедура.


Could not load symbol clEnqueueMarkerWithWaitList : Не найдена указанная процедура.


Could not load symbol clGetExtensionFunctionAddressForPlatform : Не найдена указанная процедура.


Could not load symbol clUnloadPlatformCompiler : Не найдена указанная процедура.


Could not load symbol clCreateFromGLTexture : Не найдена указанная процедура.


Initialize mono
Mono path[0] = 'C:/Program Files/Unity/Hub/Editor/2020.3.8f1/Editor/Data/Managed'
Mono path[1] = 'C:/Program Files/Unity/Hub/Editor/2020.3.8f1/Editor/Data/MonoBleedingEdge/lib/mono/unityjit'
Mono config path = 'C:/Program Files/Unity/Hub/Editor/2020.3.8f1/Editor/Data/MonoBleedingEdge/etc'
Using monoOptions --debugger-agent=transport=dt_socket,embedding=1,server=y,suspend=n,address=127.0.0.1:56012
Begin MonoManager ReloadAssembly
Registering precompiled unity dll's ...
Register platform support module: C:/Program Files/Unity/Hub/Editor/2020.3.8f1/Editor/Data/PlaybackEngines/WebGLSupport/UnityEditor.WebGL.Extensions.dll
Register platform support module: C:/Program Files/Unity/Hub/Editor/2020.3.8f1/Editor/Data/PlaybackEngines/WindowsStandaloneSupport/UnityEditor.WindowsStandalone.Extensions.dll
Registered in 0.004255 seconds.
Native extension for WindowsStandalone target not found
Native extension for WebGL target not found
Refreshing native plugins compatible for Editor in 63.92 ms, found 1 plugins.
Preloading 0 native plugins for Editor in 0.00 ms.
Mono: successfully reloaded assembly
- Completed reload, in  1.708 seconds
Platform modules already initialized, skipping
Registering precompiled user dll's ...
Registered in 0.001508 seconds.
Begin MonoManager ReloadAssembly
Native extension for WindowsStandalone target not found
Native extension for WebGL target not found
Refreshing native plugins compatible for Editor in 56.97 ms, found 1 plugins.
Preloading 0 native plugins for Editor in 0.00 ms.
Mono: successfully reloaded assembly
- Completed reload, in  1.543 seconds
Platform modules already initialized, skipping
========================================================================
Worker process is ready to serve import requests
Launched and connected shader compiler UnityShaderCompiler.exe after 0.04 seconds
Refreshing native plugins compatible for Editor in 0.53 ms, found 1 plugins.
Preloading 0 native plugins for Editor in 0.00 ms.
Unloading 1834 Unused Serialized files (Serialized files now loaded: 0)
System memory in use before: 88.2 MB.
System memory in use after: 88.1 MB.

Unloading 24 unused Assets to reduce memory usage. Loaded Objects now: 2281.
Total: 3.115844 ms (FindLiveObjects: 0.286132 ms CreateObjectMapping: 0.195818 ms MarkObjects: 2.414677 ms  DeleteObjects: 0.217575 ms)

========================================================================
Received Import Request.
  path: Assets/Scenes/Tutorial.unity
  artifactKey: Guid(2e6ba322a1a8c6e46b96d4dfa8c50373) Importer(815301076,1909f56bfc062723c751e8b465ee728b)
Start importing Assets/Scenes/Tutorial.unity using Guid(2e6ba322a1a8c6e46b96d4dfa8c50373) Importer(815301076,1909f56bfc062723c751e8b465ee728b)  -> (artifact id: 'eeaecd1ee5d814d722b590dc802ada66') in 0.036868 seconds
  Import took 0.040895 seconds .

========================================================================
Received Import Request.
  Time since last request: 42.797139 seconds.
  path: Assets/Sprits/Niflihame.png
  artifactKey: Guid(e11c71a724e57f04b9d4941aa76072ba) Importer(815301076,1909f56bfc062723c751e8b465ee728b)
Start importing Assets/Sprits/Niflihame.png using Guid(e11c71a724e57f04b9d4941aa76072ba) Importer(815301076,1909f56bfc062723c751e8b465ee728b)  -> (artifact id: '36b38447514414e4500fee56baa669e8') in 0.345217 seconds
  Import took 0.354473 seconds .

========================================================================
Received Import Request.
  Time since last request: 38.884793 seconds.
  path: Assets/Sprits/Inferno.png
  artifactKey: Guid(ea9ba4d86cea70b4b911af43900f21c7) Importer(815301076,1909f56bfc062723c751e8b465ee728b)
Start importing Assets/Sprits/Inferno.png using Guid(ea9ba4d86cea70b4b911af43900f21c7) Importer(815301076,1909f56bfc062723c751e8b465ee728b)  -> (artifact id: '9302a7b1fa486b1ed1995e61361d3f85') in 0.020205 seconds
  Import took 0.054347 seconds .

========================================================================
Received Import Request.
  Time since last request: 0.005161 seconds.
  path: Assets/Sprits/Inferno.png
  artifactKey: Guid(ea9ba4d86cea70b4b911af43900f21c7) Importer(815301076,1909f56bfc062723c751e8b465ee728b)
Start importing Assets/Sprits/Inferno.png using Guid(ea9ba4d86cea70b4b911af43900f21c7) Importer(815301076,1909f56bfc062723c751e8b465ee728b)  -> (artifact id: '9302a7b1fa486b1ed1995e61361d3f85') in 0.021596 seconds
  Import took 0.027220 seconds .

========================================================================
Received Import Request.
  Time since last request: 41.802167 seconds.
  path: Assets/Sprits/Button next.png
  artifactKey: Guid(6300a851dc22f404f8037d99ecafbaf9) Importer(815301076,1909f56bfc062723c751e8b465ee728b)
Start importing Assets/Sprits/Button next.png using Guid(6300a851dc22f404f8037d99ecafbaf9) Importer(815301076,1909f56bfc062723c751e8b465ee728b)  -> (artifact id: 'a30c69547863b1b480a73a95df69d48a') in 0.024618 seconds
  Import took 0.030179 seconds .

========================================================================
Received Import Request.
  Time since last request: 0.006520 seconds.
  path: Assets/Sprits/Button next.png
  artifactKey: Guid(6300a851dc22f404f8037d99ecafbaf9) Importer(815301076,1909f56bfc062723c751e8b465ee728b)
Start importing Assets/Sprits/Button next.png using Guid(6300a851dc22f404f8037d99ecafbaf9) Importer(815301076,1909f56bfc062723c751e8b465ee728b)  -> (artifact id: 'a30c69547863b1b480a73a95df69d48a') in 0.019001 seconds
  Import took 0.025904 seconds .

========================================================================
Received Import Request.
  Time since last request: 269.447396 seconds.
  path: Assets/Sprits/Tutorial box.png
  artifactKey: Guid(9649c83b2e050c949b927f65cb34c58f) Importer(815301076,1909f56bfc062723c751e8b465ee728b)
Start importing Assets/Sprits/Tutorial box.png using Guid(9649c83b2e050c949b927f65cb34c58f) Importer(815301076,1909f56bfc062723c751e8b465ee728b)  -> (artifact id: '85d1a3fc59277950b9c4a2a7c02b6b93') in 0.027333 seconds
  Import took 0.032452 seconds .

========================================================================
Received Import Request.
  Time since last request: 0.007433 seconds.
  path: Assets/Sprits/Tutorial box.png
  artifactKey: Guid(9649c83b2e050c949b927f65cb34c58f) Importer(815301076,1909f56bfc062723c751e8b465ee728b)
Start importing Assets/Sprits/Tutorial box.png using Guid(9649c83b2e050c949b927f65cb34c58f) Importer(815301076,1909f56bfc062723c751e8b465ee728b)  -> (artifact id: '85d1a3fc59277950b9c4a2a7c02b6b93') in 0.025702 seconds
  Import took 0.031644 seconds .

========================================================================
Received Import Request.
  Time since last request: 66.733976 seconds.
  path: Assets/Sprits/Tutorial print.png
  artifactKey: Guid(be89648cfb7d3f44ca45f13ba880b0ce) Importer(815301076,1909f56bfc062723c751e8b465ee728b)
Start importing Assets/Sprits/Tutorial print.png using Guid(be89648cfb7d3f44ca45f13ba880b0ce) Importer(815301076,1909f56bfc062723c751e8b465ee728b)  -> (artifact id: 'f982e1e28fc969239713f72b6fbdb3ac') in 0.042131 seconds
  Import took 0.047574 seconds .

========================================================================
Received Import Request.
  Time since last request: 0.004313 seconds.
  path: Assets/Sprits/Tutorial print.png
  artifactKey: Guid(be89648cfb7d3f44ca45f13ba880b0ce) Importer(815301076,1909f56bfc062723c751e8b465ee728b)
Start importing Assets/Sprits/Tutorial print.png using Guid(be89648cfb7d3f44ca45f13ba880b0ce) Importer(815301076,1909f56bfc062723c751e8b465ee728b)  -> (artifact id: 'f982e1e28fc969239713f72b6fbdb3ac') in 0.019673 seconds
  Import took 0.025010 seconds .

========================================================================
Received Import Request.
  Time since last request: 17.890067 seconds.
  path: Assets/Sprits/Boilers.png
  artifactKey: Guid(3c98912aa5451cc4aa11f6da6131c3f8) Importer(815301076,1909f56bfc062723c751e8b465ee728b)
Start importing Assets/Sprits/Boilers.png using Guid(3c98912aa5451cc4aa11f6da6131c3f8) Importer(815301076,1909f56bfc062723c751e8b465ee728b)  -> (artifact id: 'a0c522f4670f3b28d0dd0594222f4f02') in 0.027469 seconds
  Import took 0.036588 seconds .

========================================================================
Received Import Request.
  Time since last request: 72.974319 seconds.
  path: Assets/Scenes/Level1.unity
  artifactKey: Guid(09f819158596d4f4980fa821649b2f81) Importer(815301076,1909f56bfc062723c751e8b465ee728b)
Start importing Assets/Scenes/Level1.unity using Guid(09f819158596d4f4980fa821649b2f81) Importer(815301076,1909f56bfc062723c751e8b465ee728b)  -> (artifact id: 'f2a7d1e9f499d22f4d4d322fb60775ae') in 0.007409 seconds
  Import took 0.013510 seconds .

========================================================================
Received Import Request.
  Time since last request: 361.244303 seconds.
  path: Assets/Scenes/Pool.unity
  artifactKey: Guid(55159ff5d20e2ff4fb7d5bb3a7d5001b) Importer(815301076,1909f56bfc062723c751e8b465ee728b)
Start importing Assets/Scenes/Pool.unity using Guid(55159ff5d20e2ff4fb7d5bb3a7d5001b) Importer(815301076,1909f56bfc062723c751e8b465ee728b)  -> (artifact id: '6b9bd30899273f71c98cae579875b9c8') in 0.017118 seconds
  Import took 0.028341 seconds .

========================================================================
Received Import Request.
  Time since last request: 0.003718 seconds.
  path: Assets/Scenes/Pool.unity
  artifactKey: Guid(55159ff5d20e2ff4fb7d5bb3a7d5001b) Importer(815301076,1909f56bfc062723c751e8b465ee728b)
Start importing Assets/Scenes/Pool.unity using Guid(55159ff5d20e2ff4fb7d5bb3a7d5001b) Importer(815301076,1909f56bfc062723c751e8b465ee728b)  -> (artifact id: '6b9bd30899273f71c98cae579875b9c8') in 0.006421 seconds
  Import took 0.018094 seconds .

========================================================================
Received Import Request.
  Time since last request: 22.384073 seconds.
  path: Assets/Sprits/Metall walls.png
  artifactKey: Guid(8d746df93cb29ec41934f3f1766d36b8) Importer(815301076,1909f56bfc062723c751e8b465ee728b)
Start importing Assets/Sprits/Metall walls.png using Guid(8d746df93cb29ec41934f3f1766d36b8) Importer(815301076,1909f56bfc062723c751e8b465ee728b)  -> (artifact id: 'a8db5aaa669f8540f23f096681fccda7') in 0.109636 seconds
  Import took 0.115690 seconds .

========================================================================
Received Import Request.
  Time since last request: 6.435506 seconds.
  path: Assets/Sprits/Platform-UP.png
  artifactKey: Guid(6a1d462d6094b7d4093f6e50df5fc396) Importer(815301076,1909f56bfc062723c751e8b465ee728b)
Start importing Assets/Sprits/Platform-UP.png using Guid(6a1d462d6094b7d4093f6e50df5fc396) Importer(815301076,1909f56bfc062723c751e8b465ee728b)  -> (artifact id: 'ac6aae27666f6b22bce8bc9bea58e8d3') in 0.036240 seconds
  Import took 0.043252 seconds .

========================================================================
Received Import Request.
  Time since last request: 16.497493 seconds.
  path: Assets/Sprits/Q.png
  artifactKey: Guid(6acac1de6566b9140ada43a40249a57e) Importer(815301076,1909f56bfc062723c751e8b465ee728b)
Start importing Assets/Sprits/Q.png using Guid(6acac1de6566b9140ada43a40249a57e) Importer(815301076,1909f56bfc062723c751e8b465ee728b)  -> (artifact id: 'ebeaddb649f08b8d2358ae12cdb96479') in 0.025743 seconds
  Import took 0.031459 seconds .

========================================================================
Received Import Request.
  Time since last request: 0.008018 seconds.
  path: Assets/Sprits/Q.png
  artifactKey: Guid(6acac1de6566b9140ada43a40249a57e) Importer(815301076,1909f56bfc062723c751e8b465ee728b)
Start importing Assets/Sprits/Q.png using Guid(6acac1de6566b9140ada43a40249a57e) Importer(815301076,1909f56bfc062723c751e8b465ee728b)  -> (artifact id: 'ebeaddb649f08b8d2358ae12cdb96479') in 0.015011 seconds
  Import took 0.020375 seconds .

========================================================================
Received Import Request.
  Time since last request: 3.449973 seconds.
  path: Assets/Sprits/Up Platform.png
  artifactKey: Guid(0dec5b20e3472834f8ec58c3db2ee1c7) Importer(815301076,1909f56bfc062723c751e8b465ee728b)
Start importing Assets/Sprits/Up Platform.png using Guid(0dec5b20e3472834f8ec58c3db2ee1c7) Importer(815301076,1909f56bfc062723c751e8b465ee728b)  -> (artifact id: 'ab533844cfe00e1113d5c8d96988a7f2') in 0.030288 seconds
  Import took 0.037594 seconds .

========================================================================
Received Import Request.
  Time since last request: 461.960699 seconds.
  path: Assets/Scenes/Tutorial.unity
  artifactKey: Guid(2e6ba322a1a8c6e46b96d4dfa8c50373) Importer(815301076,1909f56bfc062723c751e8b465ee728b)
Start importing Assets/Scenes/Tutorial.unity using Guid(2e6ba322a1a8c6e46b96d4dfa8c50373) Importer(815301076,1909f56bfc062723c751e8b465ee728b)  -> (artifact id: '58f053ce89b949363a06d44295b4c3f8') in 0.009907 seconds
  Import took 0.015696 seconds .

========================================================================
Received Import Request.
  Time since last request: 23.478670 seconds.
  path: Assets/Sprits/Objects
  artifactKey: Guid(dea65172dbdda834bbcc4ceb86d94b0f) Importer(815301076,1909f56bfc062723c751e8b465ee728b)
Start importing Assets/Sprits/Objects using Guid(dea65172dbdda834bbcc4ceb86d94b0f) Importer(815301076,1909f56bfc062723c751e8b465ee728b)  -> (artifact id: 'b9f2b831e42e256b3c4235f1dde77eab') in 0.007606 seconds
  Import took 0.019721 seconds .

========================================================================
Received Import Request.
  Time since last request: 30.718255 seconds.
  path: Assets/Sprits/Claudrone.png
  artifactKey: Guid(33e784ff940478847be34e2be58436a4) Importer(815301076,1909f56bfc062723c751e8b465ee728b)
Start importing Assets/Sprits/Claudrone.png using Guid(33e784ff940478847be34e2be58436a4) Importer(815301076,1909f56bfc062723c751e8b465ee728b)  -> (artifact id: '50e503c8140f99d67b9d3bd1dc078de6') in 0.026651 seconds
  Import took 0.031564 seconds .

========================================================================
Received Import Request.
  Time since last request: 3.977788 seconds.
  path: Assets/Sprits/Freese.png
  artifactKey: Guid(400ffa28a52bb504995913eb18eca0cf) Importer(815301076,1909f56bfc062723c751e8b465ee728b)
Start importing Assets/Sprits/Freese.png using Guid(400ffa28a52bb504995913eb18eca0cf) Importer(815301076,1909f56bfc062723c751e8b465ee728b)  -> (artifact id: 'aa17c0cfe540b84e399bd7e9abe85172') in 0.048333 seconds
  Import took 0.052307 seconds .

========================================================================
Received Import Request.
  Time since last request: 86.487167 seconds.
  path: Assets/Scenes/Level1.unity
  artifactKey: Guid(09f819158596d4f4980fa821649b2f81) Importer(815301076,1909f56bfc062723c751e8b465ee728b)
Start importing Assets/Scenes/Level1.unity using Guid(09f819158596d4f4980fa821649b2f81) Importer(815301076,1909f56bfc062723c751e8b465ee728b)  -> (artifact id: '967e70a694090e97eca808d484e70dfa') in 0.009148 seconds
  Import took 0.014383 seconds .

========================================================================
Received Import Request.
  Time since last request: 13.439554 seconds.
  path: Assets/Scenes/Boilers.unity
  artifactKey: Guid(15ecbed0749941640b82ba8eeb3f3ba0) Importer(815301076,1909f56bfc062723c751e8b465ee728b)
Start importing Assets/Scenes/Boilers.unity using Guid(15ecbed0749941640b82ba8eeb3f3ba0) Importer(815301076,1909f56bfc062723c751e8b465ee728b)  -> (artifact id: '5f54f073d48df2f79912c6ab579fe7fc') in 0.009104 seconds
  Import took 0.013825 seconds .

========================================================================
Received Import Request.
  Time since last request: 26.756862 seconds.
  path: Assets/Scenes/Pool.unity
  artifactKey: Guid(55159ff5d20e2ff4fb7d5bb3a7d5001b) Importer(815301076,1909f56bfc062723c751e8b465ee728b)
Start importing Assets/Scenes/Pool.unity using Guid(55159ff5d20e2ff4fb7d5bb3a7d5001b) Importer(815301076,1909f56bfc062723c751e8b465ee728b)  -> (artifact id: '2deda6cc42790d7cc1a20224eefe5313') in 0.006657 seconds
  Import took 0.011423 seconds .

========================================================================
Received Import Request.
  Time since last request: 32.885978 seconds.
  path: Assets/Scripts/PlayerControl.cs
  artifactKey: Guid(7325659c3e3df444a8f753c4f836004c) Importer(815301076,1909f56bfc062723c751e8b465ee728b)
Start importing Assets/Scripts/PlayerControl.cs using Guid(7325659c3e3df444a8f753c4f836004c) Importer(815301076,1909f56bfc062723c751e8b465ee728b)  -> (artifact id: '3bc188577a2878872a576d9ef375edfb') in 0.037178 seconds
  Import took 0.042939 seconds .

========================================================================
Received Prepare
Registering precompiled user dll's ...
Registered in 0.001365 seconds.
Begin MonoManager ReloadAssembly
Native extension for WindowsStandalone target not found
Native extension for WebGL target not found
Refreshing native plugins compatible for Editor in 0.89 ms, found 1 plugins.
Preloading 0 native plugins for Editor in 0.00 ms.
Mono: successfully reloaded assembly
- Completed reload, in  1.454 seconds
Platform modules already initialized, skipping
Refreshing native plugins compatible for Editor in 0.60 ms, found 1 plugins.
Preloading 0 native plugins for Editor in 0.00 ms.
Unloading 1816 Unused Serialized files (Serialized files now loaded: 0)
System memory in use before: 90.0 MB.
System memory in use after: 90.0 MB.

Unloading 12 unused Assets to reduce memory usage. Loaded Objects now: 2301.
Total: 3.011983 ms (FindLiveObjects: 0.257396 ms CreateObjectMapping: 0.172829 ms MarkObjects: 2.426171 ms  DeleteObjects: 0.153945 ms)

========================================================================
Received Prepare
Registering precompiled user dll's ...
Registered in 0.001691 seconds.
Begin MonoManager ReloadAssembly
Native extension for WindowsStandalone target not found
Native extension for WebGL target not found
Refreshing native plugins compatible for Editor in 0.47 ms, found 1 plugins.
Preloading 0 native plugins for Editor in 0.00 ms.
Mono: successfully reloaded assembly
- Completed reload, in  1.410 seconds
Platform modules already initialized, skipping
Refreshing native plugins compatible for Editor in 0.73 ms, found 1 plugins.
Preloading 0 native plugins for Editor in 0.00 ms.
Unloading 1816 Unused Serialized files (Serialized files now loaded: 0)
System memory in use before: 90.0 MB.
System memory in use after: 90.0 MB.

Unloading 12 unused Assets to reduce memory usage. Loaded Objects now: 2305.
Total: 5.304735 ms (FindLiveObjects: 0.591559 ms CreateObjectMapping: 0.312816 ms MarkObjects: 4.198384 ms  DeleteObjects: 0.199513 ms)

========================================================================
Received Prepare
Registering precompiled user dll's ...
Registered in 0.002213 seconds.
Begin MonoManager ReloadAssembly
Native extension for WindowsStandalone target not found
Native extension for WebGL target not found
Refreshing native plugins compatible for Editor in 0.48 ms, found 1 plugins.
Preloading 0 native plugins for Editor in 0.00 ms.
Mono: successfully reloaded assembly
- Completed reload, in  1.518 seconds
Platform modules already initialized, skipping
Refreshing native plugins compatible for Editor in 0.55 ms, found 1 plugins.
Preloading 0 native plugins for Editor in 0.00 ms.
Unloading 1816 Unused Serialized files (Serialized files now loaded: 0)
System memory in use before: 90.0 MB.
System memory in use after: 90.0 MB.

Unloading 12 unused Assets to reduce memory usage. Loaded Objects now: 2309.
Total: 3.233663 ms (FindLiveObjects: 0.259038 ms CreateObjectMapping: 0.171597 ms MarkObjects: 2.654010 ms  DeleteObjects: 0.147787 ms)

